<?xml version="1.0" encoding="UTF-8"?>
<testng-results skipped="3" failed="1" ignored="0" total="6" passed="2">
  <reporter-output>
  </reporter-output>
  <suite name="Default suite" duration-ms="14443" started-at="2018-02-15T06:07:31Z" finished-at="2018-02-15T06:07:45Z">
    <groups>
    </groups>
    <test name="Default test" duration-ms="14443" started-at="2018-02-15T06:07:31Z" finished-at="2018-02-15T06:07:45Z">
      <class name="com.wipro.chcare.ccc.openCart002_OrderHistory">
        <test-method status="PASS" signature="initializeReport()[pri:0, instance:com.wipro.chcare.ccc.openCart002_OrderHistory@3c0ecd4b]" name="initializeReport" is-config="true" duration-ms="162" started-at="2018-02-15T11:37:31Z" finished-at="2018-02-15T11:37:31Z">
          <reporter-output>
          </reporter-output>
        </test-method> <!-- initializeReport -->
        <test-method status="PASS" signature="intialize()[pri:0, instance:com.wipro.chcare.ccc.openCart002_OrderHistory@3c0ecd4b]" name="intialize" is-config="true" duration-ms="2469" started-at="2018-02-15T11:37:31Z" finished-at="2018-02-15T11:37:33Z">
          <reporter-output>
          </reporter-output>
        </test-method> <!-- intialize -->
        <test-method status="PASS" signature="openApp()[pri:0, instance:com.wipro.chcare.ccc.openCart002_OrderHistory@3c0ecd4b]" name="openApp" duration-ms="1575" started-at="2018-02-15T11:37:33Z" description="Launch openCart application" finished-at="2018-02-15T11:37:35Z">
          <reporter-output>
          </reporter-output>
        </test-method> <!-- openApp -->
        <test-method status="PASS" signature="getResult(org.testng.ITestResult)[pri:0, instance:com.wipro.chcare.ccc.openCart002_OrderHistory@3c0ecd4b]" name="getResult" is-config="true" duration-ms="5" started-at="2018-02-15T11:37:35Z" finished-at="2018-02-15T11:37:35Z">
          <params>
            <param index="0">
              <value>
                <![CDATA[[TestResult name=openApp status=SUCCESS method=openCart002_OrderHistory.openApp()[pri:0, instance:com.wipro.chcare.ccc.openCart002_OrderHistory@3c0ecd4b] output={null}]]]>
              </value>
            </param>
          </params>
          <reporter-output>
          </reporter-output>
        </test-method> <!-- getResult -->
        <test-method status="PASS" signature="loginApp(java.lang.String, java.lang.String, java.lang.String, java.lang.String)[pri:0, instance:com.wipro.chcare.ccc.openCart002_OrderHistory@3c0ecd4b]" name="loginApp" duration-ms="1132" started-at="2018-02-15T11:37:36Z" data-provider="Mydatprovide" depends-on-methods="com.wipro.chcare.ccc.openCart002_OrderHistory.openApp" finished-at="2018-02-15T11:37:37Z">
          <params>
            <param index="0">
              <value>
                <![CDATA[dhana.amalakanta@gmail.com]]>
              </value>
            </param>
            <param index="1">
              <value>
                <![CDATA[Dhana@24]]>
              </value>
            </param>
            <param index="2">
              <value>
                <![CDATA[3]]>
              </value>
            </param>
            <param index="3">
              <value>
                <![CDATA[Product is not good]]>
              </value>
            </param>
          </params>
          <reporter-output>
          </reporter-output>
        </test-method> <!-- loginApp -->
        <test-method status="PASS" signature="getResult(org.testng.ITestResult)[pri:0, instance:com.wipro.chcare.ccc.openCart002_OrderHistory@3c0ecd4b]" name="getResult" is-config="true" duration-ms="0" started-at="2018-02-15T11:37:37Z" finished-at="2018-02-15T11:37:37Z">
          <params>
            <param index="0">
              <value>
                <![CDATA[[TestResult name=loginApp status=SUCCESS method=openCart002_OrderHistory.loginApp(java.lang.String, java.lang.String, java.lang.String, java.lang.String)[pri:0, instance:com.wipro.chcare.ccc.openCart002_OrderHistory@3c0ecd4b] output={null}]]]>
              </value>
            </param>
          </params>
          <reporter-output>
          </reporter-output>
        </test-method> <!-- getResult -->
        <test-method status="FAIL" signature="homePageNavigation()[pri:0, instance:com.wipro.chcare.ccc.openCart002_OrderHistory@3c0ecd4b]" name="homePageNavigation" duration-ms="7846" started-at="2018-02-15T11:37:37Z" depends-on-methods="com.wipro.chcare.ccc.openCart002_OrderHistory.loginApp" finished-at="2018-02-15T11:37:45Z">
          <exception class="org.openqa.selenium.NoSuchWindowException">
            <message>
              <![CDATA[no such window: target window already closedfrom unknown error: web view not found  (Session info: chrome=63.0.3239.132)  (Driver info: chromedriver=2.33.506120 (e3e53437346286c0bc2d2dc9aa4915ba81d9023f),platform=Windows NT 10.0.14393 x86_64) (WARNING: The server did not provide any stacktrace information)Command duration or timeout: 0 millisecondsBuild info: version: '3.6.0', revision: '6fbf3ec767', time: '2017-09-27T15:28:36.4Z'System info: host: 'D-184003222', ip: '10.159.34.131', os.name: 'Windows 10', os.arch: 'amd64', os.version: '10.0', java.version: '1.8.0_121'Driver info: org.openqa.selenium.chrome.ChromeDriverCapabilities [{mobileEmulationEnabled=false, hasTouchScreen=false, platform=XP, acceptSslCerts=true, webStorageEnabled=true, browserName=chrome, takesScreenshot=true, javascriptEnabled=true, platformName=XP, setWindowRect=true, unexpectedAlertBehaviour=, applicationCacheEnabled=false, rotatable=false, networkConnectionEnabled=false, chrome={chromedriverVersion=2.33.506120 (e3e53437346286c0bc2d2dc9aa4915ba81d9023f), userDataDir=C:\Users\damal\AppData\Local\Temp\scoped_dir8996_14664}, takesHeapSnapshot=true, pageLoadStrategy=normal, unhandledPromptBehavior=, databaseEnabled=false, handlesAlerts=true, version=63.0.3239.132, browserConnectionEnabled=false, nativeEvents=true, locationContextEnabled=true, cssSelectorsEnabled=true}]Session ID: 1662096f0af8bd7c58dbc2a972636fe0*** Element info: {Using=xpath, value=.//*[@id='tabs']/a}]]>
            </message>
            <full-stacktrace>
              <![CDATA[org.openqa.selenium.NoSuchWindowException: no such window: target window already closedfrom unknown error: web view not found  (Session info: chrome=63.0.3239.132)  (Driver info: chromedriver=2.33.506120 (e3e53437346286c0bc2d2dc9aa4915ba81d9023f),platform=Windows NT 10.0.14393 x86_64) (WARNING: The server did not provide any stacktrace information)Command duration or timeout: 0 millisecondsBuild info: version: '3.6.0', revision: '6fbf3ec767', time: '2017-09-27T15:28:36.4Z'System info: host: 'D-184003222', ip: '10.159.34.131', os.name: 'Windows 10', os.arch: 'amd64', os.version: '10.0', java.version: '1.8.0_121'Driver info: org.openqa.selenium.chrome.ChromeDriverCapabilities [{mobileEmulationEnabled=false, hasTouchScreen=false, platform=XP, acceptSslCerts=true, webStorageEnabled=true, browserName=chrome, takesScreenshot=true, javascriptEnabled=true, platformName=XP, setWindowRect=true, unexpectedAlertBehaviour=, applicationCacheEnabled=false, rotatable=false, networkConnectionEnabled=false, chrome={chromedriverVersion=2.33.506120 (e3e53437346286c0bc2d2dc9aa4915ba81d9023f), userDataDir=C:\Users\damal\AppData\Local\Temp\scoped_dir8996_14664}, takesHeapSnapshot=true, pageLoadStrategy=normal, unhandledPromptBehavior=, databaseEnabled=false, handlesAlerts=true, version=63.0.3239.132, browserConnectionEnabled=false, nativeEvents=true, locationContextEnabled=true, cssSelectorsEnabled=true}]Session ID: 1662096f0af8bd7c58dbc2a972636fe0*** Element info: {Using=xpath, value=.//*[@id='tabs']/a}at sun.reflect.NativeConstructorAccessorImpl.newInstance0(Native Method)at sun.reflect.NativeConstructorAccessorImpl.newInstance(NativeConstructorAccessorImpl.java:62)at sun.reflect.DelegatingConstructorAccessorImpl.newInstance(DelegatingConstructorAccessorImpl.java:45)at java.lang.reflect.Constructor.newInstance(Constructor.java:423)at org.openqa.selenium.remote.ErrorHandler.createThrowable(ErrorHandler.java:214)at org.openqa.selenium.remote.ErrorHandler.throwIfResponseFailed(ErrorHandler.java:166)at org.openqa.selenium.remote.http.JsonHttpResponseCodec.reconstructValue(JsonHttpResponseCodec.java:40)at org.openqa.selenium.remote.http.AbstractHttpResponseCodec.decode(AbstractHttpResponseCodec.java:82)at org.openqa.selenium.remote.http.AbstractHttpResponseCodec.decode(AbstractHttpResponseCodec.java:45)at org.openqa.selenium.remote.HttpCommandExecutor.execute(HttpCommandExecutor.java:164)at org.openqa.selenium.remote.service.DriverCommandExecutor.execute(DriverCommandExecutor.java:83)at org.openqa.selenium.remote.RemoteWebDriver.execute(RemoteWebDriver.java:586)at org.openqa.selenium.remote.RemoteWebDriver.findElements(RemoteWebDriver.java:383)at org.openqa.selenium.remote.RemoteWebDriver.findElementsByXPath(RemoteWebDriver.java:462)at org.openqa.selenium.By$ByXPath.findElements(By.java:356)at org.openqa.selenium.remote.RemoteWebDriver.findElements(RemoteWebDriver.java:344)at com.wipro.chcare.ccc.openCart002_OrderHistory.homePageNavigation(openCart002_OrderHistory.java:167)at sun.reflect.NativeMethodAccessorImpl.invoke0(Native Method)at sun.reflect.NativeMethodAccessorImpl.invoke(NativeMethodAccessorImpl.java:62)at sun.reflect.DelegatingMethodAccessorImpl.invoke(DelegatingMethodAccessorImpl.java:43)at java.lang.reflect.Method.invoke(Method.java:498)at org.testng.internal.MethodInvocationHelper.invokeMethod(MethodInvocationHelper.java:124)at org.testng.internal.Invoker.invokeMethod(Invoker.java:571)at org.testng.internal.Invoker.invokeTestMethod(Invoker.java:707)at org.testng.internal.Invoker.invokeTestMethods(Invoker.java:979)at org.testng.internal.TestMethodWorker.invokeTestMethods(TestMethodWorker.java:125)at org.testng.internal.TestMethodWorker.run(TestMethodWorker.java:109)at org.testng.TestRunner.privateRun(TestRunner.java:648)at org.testng.TestRunner.run(TestRunner.java:505)at org.testng.SuiteRunner.runTest(SuiteRunner.java:455)at org.testng.SuiteRunner.runSequentially(SuiteRunner.java:450)at org.testng.SuiteRunner.privateRun(SuiteRunner.java:415)at org.testng.SuiteRunner.run(SuiteRunner.java:364)at org.testng.SuiteRunnerWorker.runSuite(SuiteRunnerWorker.java:52)at org.testng.SuiteRunnerWorker.run(SuiteRunnerWorker.java:84)at org.testng.TestNG.runSuitesSequentially(TestNG.java:1187)at org.testng.TestNG.runSuitesLocally(TestNG.java:1116)at org.testng.TestNG.runSuites(TestNG.java:1028)at org.testng.TestNG.run(TestNG.java:996)at org.testng.remote.AbstractRemoteTestNG.run(AbstractRemoteTestNG.java:114)at org.testng.remote.RemoteTestNG.initAndRun(RemoteTestNG.java:251)at org.testng.remote.RemoteTestNG.main(RemoteTestNG.java:77)]]>
            </full-stacktrace>
          </exception> <!-- org.openqa.selenium.NoSuchWindowException -->
          <reporter-output>
          </reporter-output>
        </test-method> <!-- homePageNavigation -->
        <test-method status="PASS" signature="getResult(org.testng.ITestResult)[pri:0, instance:com.wipro.chcare.ccc.openCart002_OrderHistory@3c0ecd4b]" name="getResult" is-config="true" duration-ms="2" started-at="2018-02-15T11:37:45Z" finished-at="2018-02-15T11:37:45Z">
          <params>
            <param index="0">
              <value>
                <![CDATA[[TestResult name=homePageNavigation status=FAILURE method=openCart002_OrderHistory.homePageNavigation()[pri:0, instance:com.wipro.chcare.ccc.openCart002_OrderHistory@3c0ecd4b] output={null}]]]>
              </value>
            </param>
          </params>
          <reporter-output>
          </reporter-output>
        </test-method> <!-- getResult -->
        <test-method status="SKIP" signature="addToShoppingCart89and10(java.lang.String, java.lang.String, java.lang.String, java.lang.String)[pri:0, instance:com.wipro.chcare.ccc.openCart002_OrderHistory@3c0ecd4b]" name="addToShoppingCart89and10" duration-ms="0" started-at="2018-02-15T11:37:45Z" data-provider="Mydatprovide" depends-on-methods="com.wipro.chcare.ccc.openCart002_OrderHistory.homePageNavigation" finished-at="2018-02-15T11:37:45Z">
          <exception class="java.lang.Throwable">
            <message>
              <![CDATA[Method openCart002_OrderHistory.addToShoppingCart89and10(java.lang.String, java.lang.String, java.lang.String, java.lang.String)[pri:0, instance:com.wipro.chcare.ccc.openCart002_OrderHistory@3c0ecd4b] depends on not successfully finished methods]]>
            </message>
            <full-stacktrace>
              <![CDATA[java.lang.Throwable: Method openCart002_OrderHistory.addToShoppingCart89and10(java.lang.String, java.lang.String, java.lang.String, java.lang.String)[pri:0, instance:com.wipro.chcare.ccc.openCart002_OrderHistory@3c0ecd4b] depends on not successfully finished methodsat org.testng.internal.Invoker.invokeTestMethods(Invoker.java:878)at org.testng.internal.TestMethodWorker.invokeTestMethods(TestMethodWorker.java:125)at org.testng.internal.TestMethodWorker.run(TestMethodWorker.java:109)at org.testng.TestRunner.privateRun(TestRunner.java:648)at org.testng.TestRunner.run(TestRunner.java:505)at org.testng.SuiteRunner.runTest(SuiteRunner.java:455)at org.testng.SuiteRunner.runSequentially(SuiteRunner.java:450)at org.testng.SuiteRunner.privateRun(SuiteRunner.java:415)at org.testng.SuiteRunner.run(SuiteRunner.java:364)at org.testng.SuiteRunnerWorker.runSuite(SuiteRunnerWorker.java:52)at org.testng.SuiteRunnerWorker.run(SuiteRunnerWorker.java:84)at org.testng.TestNG.runSuitesSequentially(TestNG.java:1187)at org.testng.TestNG.runSuitesLocally(TestNG.java:1116)at org.testng.TestNG.runSuites(TestNG.java:1028)at org.testng.TestNG.run(TestNG.java:996)at org.testng.remote.AbstractRemoteTestNG.run(AbstractRemoteTestNG.java:114)at org.testng.remote.RemoteTestNG.initAndRun(RemoteTestNG.java:251)at org.testng.remote.RemoteTestNG.main(RemoteTestNG.java:77)]]>
            </full-stacktrace>
          </exception> <!-- java.lang.Throwable -->
          <reporter-output>
          </reporter-output>
        </test-method> <!-- addToShoppingCart89and10 -->
        <test-method status="SKIP" signature="checkOutConfirmOrder()[pri:0, instance:com.wipro.chcare.ccc.openCart002_OrderHistory@3c0ecd4b]" name="checkOutConfirmOrder" duration-ms="0" started-at="2018-02-15T11:37:45Z" depends-on-methods="com.wipro.chcare.ccc.openCart002_OrderHistory.addToShoppingCart89and10" finished-at="2018-02-15T11:37:45Z">
          <exception class="java.lang.Throwable">
            <message>
              <![CDATA[Method openCart002_OrderHistory.checkOutConfirmOrder()[pri:0, instance:com.wipro.chcare.ccc.openCart002_OrderHistory@3c0ecd4b] depends on not successfully finished methods]]>
            </message>
            <full-stacktrace>
              <![CDATA[java.lang.Throwable: Method openCart002_OrderHistory.checkOutConfirmOrder()[pri:0, instance:com.wipro.chcare.ccc.openCart002_OrderHistory@3c0ecd4b] depends on not successfully finished methodsat org.testng.internal.Invoker.invokeTestMethods(Invoker.java:878)at org.testng.internal.TestMethodWorker.invokeTestMethods(TestMethodWorker.java:125)at org.testng.internal.TestMethodWorker.run(TestMethodWorker.java:109)at org.testng.TestRunner.privateRun(TestRunner.java:648)at org.testng.TestRunner.run(TestRunner.java:505)at org.testng.SuiteRunner.runTest(SuiteRunner.java:455)at org.testng.SuiteRunner.runSequentially(SuiteRunner.java:450)at org.testng.SuiteRunner.privateRun(SuiteRunner.java:415)at org.testng.SuiteRunner.run(SuiteRunner.java:364)at org.testng.SuiteRunnerWorker.runSuite(SuiteRunnerWorker.java:52)at org.testng.SuiteRunnerWorker.run(SuiteRunnerWorker.java:84)at org.testng.TestNG.runSuitesSequentially(TestNG.java:1187)at org.testng.TestNG.runSuitesLocally(TestNG.java:1116)at org.testng.TestNG.runSuites(TestNG.java:1028)at org.testng.TestNG.run(TestNG.java:996)at org.testng.remote.AbstractRemoteTestNG.run(AbstractRemoteTestNG.java:114)at org.testng.remote.RemoteTestNG.initAndRun(RemoteTestNG.java:251)at org.testng.remote.RemoteTestNG.main(RemoteTestNG.java:77)]]>
            </full-stacktrace>
          </exception> <!-- java.lang.Throwable -->
          <reporter-output>
          </reporter-output>
        </test-method> <!-- checkOutConfirmOrder -->
        <test-method status="SKIP" signature="orderHistory(java.lang.String, java.lang.String, java.lang.String, java.lang.String)[pri:0, instance:com.wipro.chcare.ccc.openCart002_OrderHistory@3c0ecd4b]" name="orderHistory" duration-ms="0" started-at="2018-02-15T11:37:45Z" data-provider="Mydatprovide" depends-on-methods="com.wipro.chcare.ccc.openCart002_OrderHistory.checkOutConfirmOrder" finished-at="2018-02-15T11:37:45Z">
          <exception class="java.lang.Throwable">
            <message>
              <![CDATA[Method openCart002_OrderHistory.orderHistory(java.lang.String, java.lang.String, java.lang.String, java.lang.String)[pri:0, instance:com.wipro.chcare.ccc.openCart002_OrderHistory@3c0ecd4b] depends on not successfully finished methods]]>
            </message>
            <full-stacktrace>
              <![CDATA[java.lang.Throwable: Method openCart002_OrderHistory.orderHistory(java.lang.String, java.lang.String, java.lang.String, java.lang.String)[pri:0, instance:com.wipro.chcare.ccc.openCart002_OrderHistory@3c0ecd4b] depends on not successfully finished methodsat org.testng.internal.Invoker.invokeTestMethods(Invoker.java:878)at org.testng.internal.TestMethodWorker.invokeTestMethods(TestMethodWorker.java:125)at org.testng.internal.TestMethodWorker.run(TestMethodWorker.java:109)at org.testng.TestRunner.privateRun(TestRunner.java:648)at org.testng.TestRunner.run(TestRunner.java:505)at org.testng.SuiteRunner.runTest(SuiteRunner.java:455)at org.testng.SuiteRunner.runSequentially(SuiteRunner.java:450)at org.testng.SuiteRunner.privateRun(SuiteRunner.java:415)at org.testng.SuiteRunner.run(SuiteRunner.java:364)at org.testng.SuiteRunnerWorker.runSuite(SuiteRunnerWorker.java:52)at org.testng.SuiteRunnerWorker.run(SuiteRunnerWorker.java:84)at org.testng.TestNG.runSuitesSequentially(TestNG.java:1187)at org.testng.TestNG.runSuitesLocally(TestNG.java:1116)at org.testng.TestNG.runSuites(TestNG.java:1028)at org.testng.TestNG.run(TestNG.java:996)at org.testng.remote.AbstractRemoteTestNG.run(AbstractRemoteTestNG.java:114)at org.testng.remote.RemoteTestNG.initAndRun(RemoteTestNG.java:251)at org.testng.remote.RemoteTestNG.main(RemoteTestNG.java:77)]]>
            </full-stacktrace>
          </exception> <!-- java.lang.Throwable -->
          <reporter-output>
          </reporter-output>
        </test-method> <!-- orderHistory -->
        <test-method status="PASS" signature="endReport()[pri:0, instance:com.wipro.chcare.ccc.openCart002_OrderHistory@3c0ecd4b]" name="endReport" is-config="true" duration-ms="587" started-at="2018-02-15T11:37:45Z" finished-at="2018-02-15T11:37:45Z">
          <reporter-output>
          </reporter-output>
        </test-method> <!-- endReport -->
        <test-method status="PASS" signature="windup()[pri:0, instance:com.wipro.chcare.ccc.openCart002_OrderHistory@3c0ecd4b]" name="windup" is-config="true" duration-ms="0" started-at="2018-02-15T11:37:45Z" finished-at="2018-02-15T11:37:45Z">
          <reporter-output>
          </reporter-output>
        </test-method> <!-- windup -->
      </class> <!-- com.wipro.chcare.ccc.openCart002_OrderHistory -->
    </test> <!-- Default test -->
  </suite> <!-- Default suite -->
</testng-results>
